# JRE version: OpenJDK Runtime Environment (8.0_202) (build 1.8.0_202-release-1483-b49-5587405)
# Java VM: OpenJDK 64-Bit Server VM (25.202-b49-5587405 mixed mode linux-amd64 compressed oops)
Heap:
 PSYoungGen      total 422912K, used 8576K [0x00000000e0000000, 0x00000000fc300000, 0x0000000100000000)
  eden space 385024K, 0% used [0x00000000e0000000,0x00000000e0000000,0x00000000f7800000)
  from space 37888K, 22% used [0x00000000f7800000,0x00000000f8060020,0x00000000f9d00000)
  to   space 38912K, 0% used [0x00000000f9d00000,0x00000000f9d00000,0x00000000fc300000)
 ParOldGen       total 132608K, used 73004K [0x00000000a0000000, 0x00000000a8180000, 0x00000000e0000000)
  object space 132608K, 55% used [0x00000000a0000000,0x00000000a474b278,0x00000000a8180000)
 Metaspace       used 87016K, capacity 90124K, committed 90200K, reserved 1128448K
  class space    used 11196K, capacity 11831K, committed 11864K, reserved 1048576K
GC Heap History (10 events):
Event: 67.831 GC heap after
Heap after GC invocations=27 (full 4):
 PSYoungGen      total 312320K, used 23231K [0x00000000e0000000, 0x00000000f8d80000, 0x0000000100000000)
  eden space 274432K, 0% used [0x00000000e0000000,0x00000000e0000000,0x00000000f0c00000)
  from space 37888K, 61% used [0x00000000f0c00000,0x00000000f22afd60,0x00000000f3100000)
  to   space 39424K, 0% used [0x00000000f6700000,0x00000000f6700000,0x00000000f8d80000)
 ParOldGen       total 112128K, used 82239K [0x00000000a0000000, 0x00000000a6d80000, 0x00000000e0000000)
  object space 112128K, 73% used [0x00000000a0000000,0x00000000a504ffe0,0x00000000a6d80000)
 Metaspace       used 85917K, capacity 89042K, committed 89048K, reserved 1126400K
  class space    used 11104K, capacity 11730K, committed 11736K, reserved 1048576K
}
Event: 68.968 GC heap before
{Heap before GC invocations=28 (full 4):
 PSYoungGen      total 312320K, used 297663K [0x00000000e0000000, 0x00000000f8d80000, 0x0000000100000000)
  eden space 274432K, 100% used [0x00000000e0000000,0x00000000f0c00000,0x00000000f0c00000)
  from space 37888K, 61% used [0x00000000f0c00000,0x00000000f22afd60,0x00000000f3100000)
  to   space 39424K, 0% used [0x00000000f6700000,0x00000000f6700000,0x00000000f8d80000)
 ParOldGen       total 112128K, used 82239K [0x00000000a0000000, 0x00000000a6d80000, 0x00000000e0000000)
  object space 112128K, 73% used [0x00000000a0000000,0x00000000a504ffe0,0x00000000a6d80000)
 Metaspace       used 86086K, capacity 89194K, committed 89304K, reserved 1126400K
  class space    used 11105K, capacity 11730K, committed 11736K, reserved 1048576K
Event: 69.110 GC heap after
Heap after GC invocations=28 (full 4):
 PSYoungGen      total 366592K, used 24037K [0x00000000e0000000, 0x00000000f9880000, 0x0000000100000000)
  eden space 327168K, 0% used [0x00000000e0000000,0x00000000e0000000,0x00000000f3f80000)
  from space 39424K, 60% used [0x00000000f6700000,0x00000000f7e79498,0x00000000f8d80000)
  to   space 40448K, 0% used [0x00000000f3f80000,0x00000000f3f80000,0x00000000f6700000)
 ParOldGen       total 112128K, used 84309K [0x00000000a0000000, 0x00000000a6d80000, 0x00000000e0000000)
  object space 112128K, 75% used [0x00000000a0000000,0x00000000a52556c8,0x00000000a6d80000)
 Metaspace       used 86086K, capacity 89194K, committed 89304K, reserved 1126400K
  class space    used 11105K, capacity 11730K, committed 11736K, reserved 1048576K
}
Event: 70.438 GC heap before
{Heap before GC invocations=29 (full 4):
 PSYoungGen      total 366592K, used 351205K [0x00000000e0000000, 0x00000000f9880000, 0x0000000100000000)
  eden space 327168K, 100% used [0x00000000e0000000,0x00000000f3f80000,0x00000000f3f80000)
  from space 39424K, 60% used [0x00000000f6700000,0x00000000f7e79498,0x00000000f8d80000)
  to   space 40448K, 0% used [0x00000000f3f80000,0x00000000f3f80000,0x00000000f6700000)
 ParOldGen       total 112128K, used 84309K [0x00000000a0000000, 0x00000000a6d80000, 0x00000000e0000000)
  object space 112128K, 75% used [0x00000000a0000000,0x00000000a52556c8,0x00000000a6d80000)
 Metaspace       used 86531K, capacity 89614K, committed 89944K, reserved 1128448K
  class space    used 11147K, capacity 11752K, committed 11864K, reserved 1048576K
Event: 70.522 GC heap after
Heap after GC invocations=29 (full 4):
 PSYoungGen      total 367616K, used 19255K [0x00000000e0000000, 0x00000000fc380000, 0x0000000100000000)
  eden space 327168K, 0% used [0x00000000e0000000,0x00000000e0000000,0x00000000f3f80000)
  from space 40448K, 47% used [0x00000000f3f80000,0x00000000f524de90,0x00000000f6700000)
  to   space 39424K, 0% used [0x00000000f9d00000,0x00000000f9d00000,0x00000000fc380000)
 ParOldGen       total 112128K, used 91893K [0x00000000a0000000, 0x00000000a6d80000, 0x00000000e0000000)
  object space 112128K, 81% used [0x00000000a0000000,0x00000000a59bd7c0,0x00000000a6d80000)
 Metaspace       used 86531K, capacity 89614K, committed 89944K, reserved 1128448K
  class space    used 11147K, capacity 11752K, committed 11864K, reserved 1048576K
}
Event: 72.480 GC heap before
{Heap before GC invocations=30 (full 4):
 PSYoungGen      total 367616K, used 346423K [0x00000000e0000000, 0x00000000fc380000, 0x0000000100000000)
  eden space 327168K, 100% used [0x00000000e0000000,0x00000000f3f80000,0x00000000f3f80000)
  from space 40448K, 47% used [0x00000000f3f80000,0x00000000f524de90,0x00000000f6700000)
  to   space 39424K, 0% used [0x00000000f9d00000,0x00000000f9d00000,0x00000000fc380000)
 ParOldGen       total 112128K, used 91893K [0x00000000a0000000, 0x00000000a6d80000, 0x00000000e0000000)
  object space 112128K, 81% used [0x00000000a0000000,0x00000000a59bd7c0,0x00000000a6d80000)
 Metaspace       used 86939K, capacity 90028K, committed 90200K, reserved 1128448K
  class space    used 11188K, capacity 11799K, committed 11864K, reserved 1048576K
Event: 72.673 GC heap after
Heap after GC invocations=30 (full 4):
 PSYoungGen      total 423936K, used 10185K [0x00000000e0000000, 0x00000000fc300000, 0x0000000100000000)
  eden space 385024K, 0% used [0x00000000e0000000,0x00000000e0000000,0x00000000f7800000)
  from space 38912K, 26% used [0x00000000f9d00000,0x00000000fa6f2608,0x00000000fc300000)
  to   space 37888K, 0% used [0x00000000f7800000,0x00000000f7800000,0x00000000f9d00000)
 ParOldGen       total 112128K, used 103080K [0x00000000a0000000, 0x00000000a6d80000, 0x00000000e0000000)
  object space 112128K, 91% used [0x00000000a0000000,0x00000000a64aa110,0x00000000a6d80000)
 Metaspace       used 86939K, capacity 90028K, committed 90200K, reserved 1128448K
  class space    used 11188K, capacity 11799K, committed 11864K, reserved 1048576K
}
Event: 72.673 GC heap before
{Heap before GC invocations=31 (full 5):
 PSYoungGen      total 423936K, used 10185K [0x00000000e0000000, 0x00000000fc300000, 0x0000000100000000)
  eden space 385024K, 0% used [0x00000000e0000000,0x00000000e0000000,0x00000000f7800000)
  from space 38912K, 26% used [0x00000000f9d00000,0x00000000fa6f2608,0x00000000fc300000)
  to   space 37888K, 0% used [0x00000000f7800000,0x00000000f7800000,0x00000000f9d00000)
 ParOldGen       total 112128K, used 103080K [0x00000000a0000000, 0x00000000a6d80000, 0x00000000e0000000)
  object space 112128K, 91% used [0x00000000a0000000,0x00000000a64aa110,0x00000000a6d80000)
 Metaspace       used 86939K, capacity 90028K, committed 90200K, reserved 1128448K
  class space    used 11188K, capacity 11799K, committed 11864K, reserved 1048576K
Event: 73.618 GC heap after
Heap after GC invocations=31 (full 5):
 PSYoungGen      total 423936K, used 0K [0x00000000e0000000, 0x00000000fc300000, 0x0000000100000000)
  eden space 385024K, 0% used [0x00000000e0000000,0x00000000e0000000,0x00000000f7800000)
  from space 38912K, 0% used [0x00000000f9d00000,0x00000000f9d00000,0x00000000fc300000)
  to   space 37888K, 0% used [0x00000000f7800000,0x00000000f7800000,0x00000000f9d00000)
 ParOldGen       total 132608K, used 73004K [0x00000000a0000000, 0x00000000a8180000, 0x00000000e0000000)
  object space 132608K, 55% used [0x00000000a0000000,0x00000000a474b278,0x00000000a8180000)
 Metaspace       used 86935K, capacity 90022K, committed 90200K, reserved 1128448K
  class space    used 11187K, capacity 11798K, committed 11864K, reserved 1048576K
}
Event: 81.827 GC heap before
{Heap before GC invocations=32 (full 5):
 PSYoungGen      total 423936K, used 385024K [0x00000000e0000000, 0x00000000fc300000, 0x0000000100000000)
  eden space 385024K, 100% used [0x00000000e0000000,0x00000000f7800000,0x00000000f7800000)
  from space 38912K, 0% used [0x00000000f9d00000,0x00000000f9d00000,0x00000000fc300000)
  to   space 37888K, 0% used [0x00000000f7800000,0x00000000f7800000,0x00000000f9d00000)
 ParOldGen       total 132608K, used 73004K [0x00000000a0000000, 0x00000000a8180000, 0x00000000e0000000)
  object space 132608K, 55% used [0x00000000a0000000,0x00000000a474b278,0x00000000a8180000)
 Metaspace       used 87016K, capacity 90124K, committed 90200K, reserved 1128448K
  class space    used 11196K, capacity 11831K, committed 11864K, reserved 1048576K

