# JRE version: OpenJDK Runtime Environment (8.0_202) (build 1.8.0_202-release-1483-b49-5587405)
# Java VM: OpenJDK 64-Bit Server VM (25.202-b49-5587405 mixed mode linux-amd64 compressed oops)
Heap:
 PSYoungGen      total 360960K, used 46368K [0x00000000e0000000, 0x00000000fad80000, 0x0000000100000000)
  eden space 306176K, 0% used [0x00000000e0000000,0x00000000e0000000,0x00000000f2b00000)
  from space 54784K, 84% used [0x00000000f2b00000,0x00000000f58483e0,0x00000000f6080000)
  to   space 38400K, 0% used [0x00000000f6080000,0x00000000f6080000,0x00000000f8600000)
 ParOldGen       total 118784K, used 103484K [0x00000000a0000000, 0x00000000a7400000, 0x00000000e0000000)
  object space 118784K, 87% used [0x00000000a0000000,0x00000000a650f3c0,0x00000000a7400000)
 Metaspace       used 88236K, capacity 91582K, committed 91736K, reserved 1128448K
  class space    used 11502K, capacity 12148K, committed 12160K, reserved 1048576K
GC Heap History (10 events):
Event: 32.140 GC heap after
Heap after GC invocations=26 (full 4):
 PSYoungGen      total 270336K, used 17152K [0x00000000e0000000, 0x00000000f2600000, 0x0000000100000000)
  eden space 242176K, 0% used [0x00000000e0000000,0x00000000e0000000,0x00000000eec80000)
  from space 28160K, 60% used [0x00000000f0880000,0x00000000f1940040,0x00000000f2400000)
  to   space 28672K, 0% used [0x00000000eec80000,0x00000000eec80000,0x00000000f0880000)
 ParOldGen       total 118784K, used 65117K [0x00000000a0000000, 0x00000000a7400000, 0x00000000e0000000)
  object space 118784K, 54% used [0x00000000a0000000,0x00000000a3f976a8,0x00000000a7400000)
 Metaspace       used 73129K, capacity 75616K, committed 75992K, reserved 1114112K
  class space    used 9814K, capacity 10353K, committed 10496K, reserved 1048576K
}
Event: 33.460 GC heap before
{Heap before GC invocations=27 (full 4):
 PSYoungGen      total 270336K, used 259328K [0x00000000e0000000, 0x00000000f2600000, 0x0000000100000000)
  eden space 242176K, 100% used [0x00000000e0000000,0x00000000eec80000,0x00000000eec80000)
  from space 28160K, 60% used [0x00000000f0880000,0x00000000f1940040,0x00000000f2400000)
  to   space 28672K, 0% used [0x00000000eec80000,0x00000000eec80000,0x00000000f0880000)
 ParOldGen       total 118784K, used 65117K [0x00000000a0000000, 0x00000000a7400000, 0x00000000e0000000)
  object space 118784K, 54% used [0x00000000a0000000,0x00000000a3f976a8,0x00000000a7400000)
 Metaspace       used 73158K, capacity 75616K, committed 75992K, reserved 1114112K
  class space    used 9814K, capacity 10353K, committed 10496K, reserved 1048576K
Event: 33.560 GC heap after
Heap after GC invocations=27 (full 4):
 PSYoungGen      total 270848K, used 21824K [0x00000000e0000000, 0x00000000f5700000, 0x0000000100000000)
  eden space 242176K, 0% used [0x00000000e0000000,0x00000000e0000000,0x00000000eec80000)
  from space 28672K, 76% used [0x00000000eec80000,0x00000000f01d0040,0x00000000f0880000)
  to   space 31232K, 0% used [0x00000000f3880000,0x00000000f3880000,0x00000000f5700000)
 ParOldGen       total 118784K, used 65117K [0x00000000a0000000, 0x00000000a7400000, 0x00000000e0000000)
  object space 118784K, 54% used [0x00000000a0000000,0x00000000a3f976a8,0x00000000a7400000)
 Metaspace       used 73158K, capacity 75616K, committed 75992K, reserved 1114112K
  class space    used 9814K, capacity 10353K, committed 10496K, reserved 1048576K
}
Event: 35.501 GC heap before
{Heap before GC invocations=28 (full 4):
 PSYoungGen      total 270848K, used 264000K [0x00000000e0000000, 0x00000000f5700000, 0x0000000100000000)
  eden space 242176K, 100% used [0x00000000e0000000,0x00000000eec80000,0x00000000eec80000)
  from space 28672K, 76% used [0x00000000eec80000,0x00000000f01d0040,0x00000000f0880000)
  to   space 31232K, 0% used [0x00000000f3880000,0x00000000f3880000,0x00000000f5700000)
 ParOldGen       total 118784K, used 65117K [0x00000000a0000000, 0x00000000a7400000, 0x00000000e0000000)
  object space 118784K, 54% used [0x00000000a0000000,0x00000000a3f976a8,0x00000000a7400000)
 Metaspace       used 74087K, capacity 76808K, committed 77016K, reserved 1116160K
  class space    used 9922K, capacity 10469K, committed 10496K, reserved 1048576K
Event: 35.554 GC heap after
Heap after GC invocations=28 (full 4):
 PSYoungGen      total 314368K, used 31218K [0x00000000e0000000, 0x00000000f6000000, 0x0000000100000000)
  eden space 283136K, 0% used [0x00000000e0000000,0x00000000e0000000,0x00000000f1480000)
  from space 31232K, 99% used [0x00000000f3880000,0x00000000f56fcb48,0x00000000f5700000)
  to   space 36864K, 0% used [0x00000000f1480000,0x00000000f1480000,0x00000000f3880000)
 ParOldGen       total 118784K, used 66673K [0x00000000a0000000, 0x00000000a7400000, 0x00000000e0000000)
  object space 118784K, 56% used [0x00000000a0000000,0x00000000a411c6e8,0x00000000a7400000)
 Metaspace       used 74087K, capacity 76808K, committed 77016K, reserved 1116160K
  class space    used 9922K, capacity 10469K, committed 10496K, reserved 1048576K
}
Event: 37.879 GC heap before
{Heap before GC invocations=29 (full 4):
 PSYoungGen      total 314368K, used 314354K [0x00000000e0000000, 0x00000000f6000000, 0x0000000100000000)
  eden space 283136K, 100% used [0x00000000e0000000,0x00000000f1480000,0x00000000f1480000)
  from space 31232K, 99% used [0x00000000f3880000,0x00000000f56fcb48,0x00000000f5700000)
  to   space 36864K, 0% used [0x00000000f1480000,0x00000000f1480000,0x00000000f3880000)
 ParOldGen       total 118784K, used 66673K [0x00000000a0000000, 0x00000000a7400000, 0x00000000e0000000)
  object space 118784K, 56% used [0x00000000a0000000,0x00000000a411c6e8,0x00000000a7400000)
 Metaspace       used 74231K, capacity 77022K, committed 77272K, reserved 1116160K
  class space    used 9946K, capacity 10494K, committed 10496K, reserved 1048576K
Event: 37.977 GC heap after
Heap after GC invocations=29 (full 4):
 PSYoungGen      total 320000K, used 24768K [0x00000000e0000000, 0x00000000f8600000, 0x0000000100000000)
  eden space 283136K, 0% used [0x00000000e0000000,0x00000000e0000000,0x00000000f1480000)
  from space 36864K, 67% used [0x00000000f1480000,0x00000000f2cb0030,0x00000000f3880000)
  to   space 38400K, 0% used [0x00000000f6080000,0x00000000f6080000,0x00000000f8600000)
 ParOldGen       total 118784K, used 69657K [0x00000000a0000000, 0x00000000a7400000, 0x00000000e0000000)
  object space 118784K, 58% used [0x00000000a0000000,0x00000000a44066f8,0x00000000a7400000)
 Metaspace       used 74231K, capacity 77022K, committed 77272K, reserved 1116160K
  class space    used 9946K, capacity 10494K, committed 10496K, reserved 1048576K
}
Event: 41.474 GC heap before
{Heap before GC invocations=30 (full 4):
 PSYoungGen      total 320000K, used 307904K [0x00000000e0000000, 0x00000000f8600000, 0x0000000100000000)
  eden space 283136K, 100% used [0x00000000e0000000,0x00000000f1480000,0x00000000f1480000)
  from space 36864K, 67% used [0x00000000f1480000,0x00000000f2cb0030,0x00000000f3880000)
  to   space 38400K, 0% used [0x00000000f6080000,0x00000000f6080000,0x00000000f8600000)
 ParOldGen       total 118784K, used 69657K [0x00000000a0000000, 0x00000000a7400000, 0x00000000e0000000)
  object space 118784K, 58% used [0x00000000a0000000,0x00000000a44066f8,0x00000000a7400000)
 Metaspace       used 74942K, capacity 77810K, committed 77912K, reserved 1116160K
  class space    used 10005K, capacity 10610K, committed 10624K, reserved 1048576K
Event: 41.861 GC heap after
Heap after GC invocations=30 (full 4):
 PSYoungGen      total 344576K, used 38389K [0x00000000e0000000, 0x00000000fad80000, 0x0000000100000000)
  eden space 306176K, 0% used [0x00000000e0000000,0x00000000e0000000,0x00000000f2b00000)
  from space 38400K, 99% used [0x00000000f6080000,0x00000000f85fd598,0x00000000f8600000)
  to   space 54784K, 0% used [0x00000000f2b00000,0x00000000f2b00000,0x00000000f6080000)
 ParOldGen       total 118784K, used 96752K [0x00000000a0000000, 0x00000000a7400000, 0x00000000e0000000)
  object space 118784K, 81% used [0x00000000a0000000,0x00000000a5e7c3b0,0x00000000a7400000)
 Metaspace       used 74942K, capacity 77810K, committed 77912K, reserved 1116160K
  class space    used 10005K, capacity 10610K, committed 10624K, reserved 1048576K
}
Event: 259.222 GC heap before
{Heap before GC invocations=31 (full 4):
 PSYoungGen      total 344576K, used 344565K [0x00000000e0000000, 0x00000000fad80000, 0x0000000100000000)
  eden space 306176K, 100% used [0x00000000e0000000,0x00000000f2b00000,0x00000000f2b00000)
  from space 38400K, 99% used [0x00000000f6080000,0x00000000f85fd598,0x00000000f8600000)
  to   space 54784K, 0% used [0x00000000f2b00000,0x00000000f2b00000,0x00000000f6080000)
 ParOldGen       total 118784K, used 96752K [0x00000000a0000000, 0x00000000a7400000, 0x00000000e0000000)
  object space 118784K, 81% used [0x00000000a0000000,0x00000000a5e7c3b0,0x00000000a7400000)
 Metaspace       used 88236K, capacity 91582K, committed 91736K, reserved 1128448K
  class space    used 11502K, capacity 12148K, committed 12160K, reserved 1048576K

